time="2022-03-26T10:47:30+03:00" level=info msg="logger initialized" func="app.go:27" file="main.main()"
time="2022-03-26T10:47:30+03:00" level=info msg="config initializing" func="app.go:29" file="main.main()"
time="2022-03-26T10:47:30+03:00" level=info msg="read application config" func="config.go:33" file="github.com/GermanBogatov/notes_service/app/internal/config.GetConfig.func1()"
time="2022-03-26T10:47:30+03:00" level=info func="config.go:37" file="github.com/GermanBogatov/notes_service/app/internal/config.GetConfig.func1()"
time="2022-03-26T10:47:30+03:00" level=fatal msg="open config.yml: no such file or directory" func="config.go:38" file="github.com/GermanBogatov/notes_service/app/internal/config.GetConfig.func1()"
time="2022-03-26T10:47:57+03:00" level=info msg="logger initialized" func="app.go:27" file="main.main()"
time="2022-03-26T10:47:57+03:00" level=info msg="config initializing" func="app.go:29" file="main.main()"
time="2022-03-26T10:47:57+03:00" level=info msg="read application config" func="config.go:33" file="github.com/GermanBogatov/notes_service/app/internal/config.GetConfig.func1()"
time="2022-03-26T10:47:57+03:00" level=info msg="router initializing" func="app.go:32" file="main.main()"
time="2022-03-26T10:48:27+03:00" level=fatal msg="failed to create client to mongodb due to error server selection error: server selection timeout, current topology: { Type: Unknown, Servers: [{ Addr: ns-ns-mongodb:27017, Type: Unknown, Last error: connection() error occured during connection handshake: dial tcp: lookup ns-ns-mongodb: no such host }, ] }" func="app.go:40" file="main.main()"
time="2022-03-26T13:05:48+03:00" level=info msg="logger initialized" func="app.go:27" file="main.main()"
time="2022-03-26T13:05:48+03:00" level=info msg="config initializing" func="app.go:29" file="main.main()"
time="2022-03-26T13:05:48+03:00" level=info msg="read application config" func="config.go:33" file="github.com/GermanBogatov/notes_service/app/internal/config.GetConfig.func1()"
time="2022-03-26T13:05:48+03:00" level=info msg="router initializing" func="app.go:32" file="main.main()"
time="2022-03-26T13:05:48+03:00" level=fatal msg="failed to create client to mongodb due to error connection() error occured during connection handshake: auth error: sasl conversation error: unable to authenticate using mechanism \"SCRAM-SHA-1\": (AuthenticationFailed) Authentication failed." func="app.go:40" file="main.main()"
time="2022-03-26T13:30:20+03:00" level=info msg="logger initialized" func="app.go:27" file="main.main()"
time="2022-03-26T13:30:20+03:00" level=info msg="config initializing" func="app.go:29" file="main.main()"
time="2022-03-26T13:30:20+03:00" level=info msg="read application config" func="config.go:33" file="github.com/GermanBogatov/notes_service/app/internal/config.GetConfig.func1()"
time="2022-03-26T13:30:20+03:00" level=info msg="router initializing" func="app.go:32" file="main.main()"
time="2022-03-26T13:30:20+03:00" level=fatal msg="failed to create client to mongodb due to error connection() error occured during connection handshake: auth error: sasl conversation error: unable to authenticate using mechanism \"SCRAM-SHA-1\": (AuthenticationFailed) Authentication failed." func="app.go:40" file="main.main()"
time="2022-03-26T14:28:35+03:00" level=info msg="logger initialized" func="app.go:27" file="main.main()"
time="2022-03-26T14:28:35+03:00" level=info msg="config initializing" func="app.go:29" file="main.main()"
time="2022-03-26T14:28:35+03:00" level=info msg="read application config" func="config.go:33" file="github.com/GermanBogatov/notes_service/app/internal/config.GetConfig.func1()"
time="2022-03-26T14:28:35+03:00" level=info msg="router initializing" func="app.go:32" file="main.main()"
time="2022-03-26T14:29:05+03:00" level=fatal msg="failed to create client to mongodb due to error server selection error: server selection timeout, current topology: { Type: Unknown, Servers: [{ Addr: 127.0.0.1:27017, Type: Unknown, Last error: connection() error occured during connection handshake: dial tcp 127.0.0.1:27017: connect: connection refused }, ] }" func="app.go:40" file="main.main()"
time="2022-03-26T15:46:04+03:00" level=info msg="logger initialized" func="app.go:27" file="main.main()"
time="2022-03-26T15:46:04+03:00" level=info msg="config initializing" func="app.go:29" file="main.main()"
time="2022-03-26T15:46:04+03:00" level=info msg="read application config" func="config.go:33" file="github.com/GermanBogatov/notes_service/app/internal/config.GetConfig.func1()"
time="2022-03-26T15:46:04+03:00" level=info msg="router initializing" func="app.go:32" file="main.main()"
time="2022-03-26T15:46:34+03:00" level=fatal msg="failed to create client to mongodb due to error server selection error: server selection timeout, current topology: { Type: Unknown, Servers: [{ Addr: 127.0.0.1:27017, Type: Unknown, Last error: connection() error occured during connection handshake: dial tcp 127.0.0.1:27017: connect: connection refused }, ] }" func="app.go:40" file="main.main()"
time="2022-03-26T16:22:47+03:00" level=info msg="logger initialized" func="app.go:27" file="main.main()"
time="2022-03-26T16:22:47+03:00" level=info msg="config initializing" func="app.go:29" file="main.main()"
time="2022-03-26T16:22:47+03:00" level=info msg="read application config" func="config.go:33" file="github.com/GermanBogatov/notes_service/app/internal/config.GetConfig.func1()"
time="2022-03-26T16:22:47+03:00" level=info msg="router initializing" func="app.go:32" file="main.main()"
time="2022-03-26T16:22:47+03:00" level=info msg="start application" func="app.go:58" file="main.main()"
time="2022-03-26T16:22:47+03:00" level=info msg="bind application to host: 0.0.0.0 and port: localhost" func="app.go:80" file="main.start()"
time="2022-03-26T16:22:47+03:00" level=fatal msg="listen tcp: lookup tcp/localhost: nodename nor servname provided, or not known" func="app.go:86" file="main.start()"
time="2022-03-26T16:23:52+03:00" level=info msg="logger initialized" func="app.go:27" file="main.main()"
time="2022-03-26T16:23:52+03:00" level=info msg="config initializing" func="app.go:29" file="main.main()"
time="2022-03-26T16:23:52+03:00" level=info msg="read application config" func="config.go:33" file="github.com/GermanBogatov/notes_service/app/internal/config.GetConfig.func1()"
time="2022-03-26T16:23:52+03:00" level=info msg="router initializing" func="app.go:32" file="main.main()"
time="2022-03-26T16:23:52+03:00" level=info msg="start application" func="app.go:58" file="main.main()"
time="2022-03-26T16:23:52+03:00" level=info msg="bind application to host: 8080 and port: localhost" func="app.go:80" file="main.start()"
time="2022-03-26T16:23:52+03:00" level=fatal msg="listen tcp: lookup tcp/localhost: nodename nor servname provided, or not known" func="app.go:86" file="main.start()"
time="2022-03-26T16:24:25+03:00" level=info msg="logger initialized" func="app.go:27" file="main.main()"
time="2022-03-26T16:24:25+03:00" level=info msg="config initializing" func="app.go:29" file="main.main()"
time="2022-03-26T16:24:25+03:00" level=info msg="read application config" func="config.go:33" file="github.com/GermanBogatov/notes_service/app/internal/config.GetConfig.func1()"
time="2022-03-26T16:24:25+03:00" level=info msg="router initializing" func="app.go:32" file="main.main()"
time="2022-03-26T16:24:25+03:00" level=info msg="start application" func="app.go:58" file="main.main()"
time="2022-03-26T16:24:25+03:00" level=info msg="bind application to host: 0.0.0.0 and port: 10003" func="app.go:80" file="main.start()"
time="2022-03-26T16:24:25+03:00" level=info msg="application initialized and started" func="app.go:99" file="main.start()"
time="2022-03-26T16:24:52+03:00" level=info msg="Caught signal interrupt. Shutting down..." func="shutdown.go:16" file="github.com/GermanBogatov/notes_service/app/pkg/shutdown.Graceful()"
time="2022-03-26T16:24:52+03:00" level=warning msg="server shutdown" func="app.go:104" file="main.start()"
time="2022-03-26T16:27:15+03:00" level=info msg="logger initialized" func="app.go:27" file="main.main()"
time="2022-03-26T16:27:15+03:00" level=info msg="config initializing" func="app.go:29" file="main.main()"
time="2022-03-26T16:27:15+03:00" level=info msg="read application config" func="config.go:33" file="github.com/GermanBogatov/notes_service/app/internal/config.GetConfig.func1()"
time="2022-03-26T16:27:15+03:00" level=info msg="router initializing" func="app.go:32" file="main.main()"
time="2022-03-26T16:27:15+03:00" level=info msg="start application" func="app.go:58" file="main.main()"
time="2022-03-26T16:27:15+03:00" level=info msg="bind application to host: 0.0.0.0 and port: 10003" func="app.go:80" file="main.start()"
time="2022-03-26T16:27:15+03:00" level=info msg="application initialized and started" func="app.go:99" file="main.start()"
time="2022-03-26T16:29:07+03:00" level=info msg="CREATE NOTE" func="handler.go:83" file="github.com/GermanBogatov/notes_service/app/internal/note.(*Handler).CreateNote()"
time="2022-03-26T16:29:07+03:00" level=debug msg="decode create tag dto" func="handler.go:86" file="github.com/GermanBogatov/notes_service/app/internal/note.(*Handler).CreateNote()"
time="2022-03-26T16:29:37+03:00" level=info msg="GET NOTE" func="handler.go:31" file="github.com/GermanBogatov/notes_service/app/internal/note.(*Handler).GetNote()"
time="2022-03-26T16:29:37+03:00" level=debug msg="get uuid from context" func="handler.go:34" file="github.com/GermanBogatov/notes_service/app/internal/note.(*Handler).GetNote()"
time="2022-03-26T16:29:37+03:00" level=error msg="mongo: no documents in result" func="mongo.go:62" file="github.com/GermanBogatov/notes_service/app/internal/note/db.(*db).FindOne()"
time="2022-03-26T16:30:09+03:00" level=info msg="CREATE NOTE" func="handler.go:83" file="github.com/GermanBogatov/notes_service/app/internal/note.(*Handler).CreateNote()"
time="2022-03-26T16:30:09+03:00" level=debug msg="decode create tag dto" func="handler.go:86" file="github.com/GermanBogatov/notes_service/app/internal/note.(*Handler).CreateNote()"
time="2022-03-26T16:31:01+03:00" level=info msg="CREATE NOTE" func="handler.go:83" file="github.com/GermanBogatov/notes_service/app/internal/note.(*Handler).CreateNote()"
time="2022-03-26T16:31:01+03:00" level=debug msg="decode create tag dto" func="handler.go:86" file="github.com/GermanBogatov/notes_service/app/internal/note.(*Handler).CreateNote()"
time="2022-03-26T16:31:46+03:00" level=info msg="CREATE NOTE" func="handler.go:83" file="github.com/GermanBogatov/notes_service/app/internal/note.(*Handler).CreateNote()"
time="2022-03-26T16:31:46+03:00" level=debug msg="decode create tag dto" func="handler.go:86" file="github.com/GermanBogatov/notes_service/app/internal/note.(*Handler).CreateNote()"
time="2022-03-26T16:32:11+03:00" level=info msg="GET NOTES BY CATEGORY" func="handler.go:57" file="github.com/GermanBogatov/notes_service/app/internal/note.(*Handler).GetNotesByCategory()"
time="2022-03-26T16:32:11+03:00" level=debug msg="get category_uuid from URL" func="handler.go:60" file="github.com/GermanBogatov/notes_service/app/internal/note.(*Handler).GetNotesByCategory()"
time="2022-03-26T16:33:03+03:00" level=info msg="GET NOTES BY CATEGORY" func="handler.go:57" file="github.com/GermanBogatov/notes_service/app/internal/note.(*Handler).GetNotesByCategory()"
time="2022-03-26T16:33:03+03:00" level=debug msg="get category_uuid from URL" func="handler.go:60" file="github.com/GermanBogatov/notes_service/app/internal/note.(*Handler).GetNotesByCategory()"
time="2022-03-26T16:33:26+03:00" level=info msg="GET NOTE" func="handler.go:31" file="github.com/GermanBogatov/notes_service/app/internal/note.(*Handler).GetNote()"
time="2022-03-26T16:33:26+03:00" level=debug msg="get uuid from context" func="handler.go:34" file="github.com/GermanBogatov/notes_service/app/internal/note.(*Handler).GetNote()"
time="2022-03-26T16:33:26+03:00" level=error msg="mongo: no documents in result" func="mongo.go:62" file="github.com/GermanBogatov/notes_service/app/internal/note/db.(*db).FindOne()"
time="2022-03-26T16:33:37+03:00" level=info msg="CREATE NOTE" func="handler.go:83" file="github.com/GermanBogatov/notes_service/app/internal/note.(*Handler).CreateNote()"
time="2022-03-26T16:33:37+03:00" level=debug msg="decode create tag dto" func="handler.go:86" file="github.com/GermanBogatov/notes_service/app/internal/note.(*Handler).CreateNote()"
time="2022-03-26T16:33:50+03:00" level=info msg="PARTIALLY UPDATE NOTE" func="handler.go:104" file="github.com/GermanBogatov/notes_service/app/internal/note.(*Handler).PartiallyUpdateNote()"
time="2022-03-26T16:33:50+03:00" level=debug msg="get uuid from context" func="handler.go:107" file="github.com/GermanBogatov/notes_service/app/internal/note.(*Handler).PartiallyUpdateNote()"
time="2022-03-26T16:33:50+03:00" level=debug msg="decode update tag dto" func="handler.go:114" file="github.com/GermanBogatov/notes_service/app/internal/note.(*Handler).PartiallyUpdateNote()"
time="2022-03-26T16:33:58+03:00" level=info msg="DELETE NOTE" func="handler.go:133" file="github.com/GermanBogatov/notes_service/app/internal/note.(*Handler).DeleteNote()"
time="2022-03-26T16:33:58+03:00" level=debug msg="get uuid from context" func="handler.go:136" file="github.com/GermanBogatov/notes_service/app/internal/note.(*Handler).DeleteNote()"
time="2022-03-26T16:38:34+03:00" level=info msg="CREATE NOTE" func="handler.go:83" file="github.com/GermanBogatov/notes_service/app/internal/note.(*Handler).CreateNote()"
time="2022-03-26T16:38:34+03:00" level=debug msg="decode create tag dto" func="handler.go:86" file="github.com/GermanBogatov/notes_service/app/internal/note.(*Handler).CreateNote()"
time="2022-03-26T16:38:54+03:00" level=info msg="GET NOTE" func="handler.go:31" file="github.com/GermanBogatov/notes_service/app/internal/note.(*Handler).GetNote()"
time="2022-03-26T16:38:54+03:00" level=debug msg="get uuid from context" func="handler.go:34" file="github.com/GermanBogatov/notes_service/app/internal/note.(*Handler).GetNote()"
time="2022-03-26T16:39:06+03:00" level=info msg="GET NOTE" func="handler.go:31" file="github.com/GermanBogatov/notes_service/app/internal/note.(*Handler).GetNote()"
time="2022-03-26T16:39:06+03:00" level=debug msg="get uuid from context" func="handler.go:34" file="github.com/GermanBogatov/notes_service/app/internal/note.(*Handler).GetNote()"
time="2022-03-26T16:39:30+03:00" level=info msg="GET NOTES BY CATEGORY" func="handler.go:57" file="github.com/GermanBogatov/notes_service/app/internal/note.(*Handler).GetNotesByCategory()"
time="2022-03-26T16:39:30+03:00" level=debug msg="get category_uuid from URL" func="handler.go:60" file="github.com/GermanBogatov/notes_service/app/internal/note.(*Handler).GetNotesByCategory()"
time="2022-03-26T16:40:06+03:00" level=info msg="GET NOTE" func="handler.go:31" file="github.com/GermanBogatov/notes_service/app/internal/note.(*Handler).GetNote()"
time="2022-03-26T16:40:06+03:00" level=debug msg="get uuid from context" func="handler.go:34" file="github.com/GermanBogatov/notes_service/app/internal/note.(*Handler).GetNote()"
time="2022-03-26T16:40:48+03:00" level=info msg="PARTIALLY UPDATE NOTE" func="handler.go:104" file="github.com/GermanBogatov/notes_service/app/internal/note.(*Handler).PartiallyUpdateNote()"
time="2022-03-26T16:40:48+03:00" level=debug msg="get uuid from context" func="handler.go:107" file="github.com/GermanBogatov/notes_service/app/internal/note.(*Handler).PartiallyUpdateNote()"
time="2022-03-26T16:40:48+03:00" level=debug msg="decode update tag dto" func="handler.go:114" file="github.com/GermanBogatov/notes_service/app/internal/note.(*Handler).PartiallyUpdateNote()"
time="2022-03-26T16:40:48+03:00" level=trace msg="Matched 1 documents and updated 1 documents.\n" func="mongo.go:136" file="github.com/GermanBogatov/notes_service/app/internal/note/db.(*db).Update()"
time="2022-03-26T16:40:56+03:00" level=info msg="GET NOTE" func="handler.go:31" file="github.com/GermanBogatov/notes_service/app/internal/note.(*Handler).GetNote()"
time="2022-03-26T16:40:56+03:00" level=debug msg="get uuid from context" func="handler.go:34" file="github.com/GermanBogatov/notes_service/app/internal/note.(*Handler).GetNote()"
time="2022-03-26T16:52:01+03:00" level=info msg="GET NOTE" func="handler.go:31" file="github.com/GermanBogatov/notes_service/app/internal/note.(*Handler).GetNote()"
time="2022-03-26T16:52:01+03:00" level=debug msg="get uuid from context" func="handler.go:34" file="github.com/GermanBogatov/notes_service/app/internal/note.(*Handler).GetNote()"
time="2022-03-26T16:55:46+03:00" level=info msg="GET NOTE" func="handler.go:31" file="github.com/GermanBogatov/notes_service/app/internal/note.(*Handler).GetNote()"
time="2022-03-26T16:55:46+03:00" level=debug msg="get uuid from context" func="handler.go:34" file="github.com/GermanBogatov/notes_service/app/internal/note.(*Handler).GetNote()"
time="2022-03-26T16:56:07+03:00" level=info msg="GET NOTE" func="handler.go:31" file="github.com/GermanBogatov/notes_service/app/internal/note.(*Handler).GetNote()"
time="2022-03-26T16:56:07+03:00" level=debug msg="get uuid from context" func="handler.go:34" file="github.com/GermanBogatov/notes_service/app/internal/note.(*Handler).GetNote()"
time="2022-03-26T19:03:06+03:00" level=info msg="CREATE NOTE" func="handler.go:83" file="github.com/GermanBogatov/notes_service/app/internal/note.(*Handler).CreateNote()"
time="2022-03-26T19:03:06+03:00" level=debug msg="decode create tag dto" func="handler.go:86" file="github.com/GermanBogatov/notes_service/app/internal/note.(*Handler).CreateNote()"
time="2022-03-26T19:03:25+03:00" level=info msg="Caught signal interrupt. Shutting down..." func="shutdown.go:16" file="github.com/GermanBogatov/notes_service/app/pkg/shutdown.Graceful()"
time="2022-03-26T19:03:25+03:00" level=warning msg="server shutdown" func="app.go:104" file="main.start()"
time="2022-03-26T19:04:27+03:00" level=info msg="logger initialized" func="app.go:27" file="main.main()"
time="2022-03-26T19:04:27+03:00" level=info msg="config initializing" func="app.go:29" file="main.main()"
time="2022-03-26T19:04:27+03:00" level=info msg="read application config" func="config.go:33" file="github.com/GermanBogatov/notes_service/app/internal/config.GetConfig.func1()"
time="2022-03-26T19:04:27+03:00" level=info msg="router initializing" func="app.go:32" file="main.main()"
time="2022-03-26T19:04:27+03:00" level=info msg="start application" func="app.go:58" file="main.main()"
time="2022-03-26T19:04:27+03:00" level=info msg="bind application to host: 0.0.0.0 and port: 10003" func="app.go:80" file="main.start()"
time="2022-03-26T19:04:27+03:00" level=info msg="application initialized and started" func="app.go:99" file="main.start()"
time="2022-03-26T19:05:06+03:00" level=info msg="DELETE NOTE" func="handler.go:133" file="github.com/GermanBogatov/notes_service/app/internal/note.(*Handler).DeleteNote()"
time="2022-03-26T19:05:06+03:00" level=debug msg="get uuid from context" func="handler.go:136" file="github.com/GermanBogatov/notes_service/app/internal/note.(*Handler).DeleteNote()"
time="2022-03-26T19:05:06+03:00" level=trace msg="Delete 1 documents.\n" func="mongo.go:158" file="github.com/GermanBogatov/notes_service/app/internal/note/db.(*db).Delete()"
time="2022-03-26T19:05:37+03:00" level=info msg="DELETE NOTE" func="handler.go:133" file="github.com/GermanBogatov/notes_service/app/internal/note.(*Handler).DeleteNote()"
time="2022-03-26T19:05:37+03:00" level=debug msg="get uuid from context" func="handler.go:136" file="github.com/GermanBogatov/notes_service/app/internal/note.(*Handler).DeleteNote()"
time="2022-03-26T19:05:37+03:00" level=trace msg="Delete 1 documents.\n" func="mongo.go:158" file="github.com/GermanBogatov/notes_service/app/internal/note/db.(*db).Delete()"
time="2022-03-26T19:06:30+03:00" level=info msg="CREATE NOTE" func="handler.go:83" file="github.com/GermanBogatov/notes_service/app/internal/note.(*Handler).CreateNote()"
time="2022-03-26T19:06:30+03:00" level=debug msg="decode create tag dto" func="handler.go:86" file="github.com/GermanBogatov/notes_service/app/internal/note.(*Handler).CreateNote()"
time="2022-03-26T19:06:50+03:00" level=info msg="CREATE NOTE" func="handler.go:83" file="github.com/GermanBogatov/notes_service/app/internal/note.(*Handler).CreateNote()"
time="2022-03-26T19:06:50+03:00" level=debug msg="decode create tag dto" func="handler.go:86" file="github.com/GermanBogatov/notes_service/app/internal/note.(*Handler).CreateNote()"
time="2022-03-26T19:52:01+03:00" level=info msg="GET NOTES BY CATEGORY" func="handler.go:57" file="github.com/GermanBogatov/notes_service/app/internal/note.(*Handler).GetNotesByCategory()"
time="2022-03-26T19:52:01+03:00" level=debug msg="get category_uuid from URL" func="handler.go:60" file="github.com/GermanBogatov/notes_service/app/internal/note.(*Handler).GetNotesByCategory()"
time="2022-03-26T19:53:34+03:00" level=info msg="CREATE NOTE" func="handler.go:83" file="github.com/GermanBogatov/notes_service/app/internal/note.(*Handler).CreateNote()"
time="2022-03-26T19:53:34+03:00" level=debug msg="decode create tag dto" func="handler.go:86" file="github.com/GermanBogatov/notes_service/app/internal/note.(*Handler).CreateNote()"
time="2022-03-26T19:54:02+03:00" level=info msg="CREATE NOTE" func="handler.go:83" file="github.com/GermanBogatov/notes_service/app/internal/note.(*Handler).CreateNote()"
time="2022-03-26T19:54:02+03:00" level=debug msg="decode create tag dto" func="handler.go:86" file="github.com/GermanBogatov/notes_service/app/internal/note.(*Handler).CreateNote()"
time="2022-03-26T19:54:34+03:00" level=info msg="CREATE NOTE" func="handler.go:83" file="github.com/GermanBogatov/notes_service/app/internal/note.(*Handler).CreateNote()"
time="2022-03-26T19:54:34+03:00" level=debug msg="decode create tag dto" func="handler.go:86" file="github.com/GermanBogatov/notes_service/app/internal/note.(*Handler).CreateNote()"
time="2022-03-26T20:39:24+03:00" level=info msg="GET NOTES BY CATEGORY" func="handler.go:57" file="github.com/GermanBogatov/notes_service/app/internal/note.(*Handler).GetNotesByCategory()"
time="2022-03-26T20:39:24+03:00" level=debug msg="get category_uuid from URL" func="handler.go:60" file="github.com/GermanBogatov/notes_service/app/internal/note.(*Handler).GetNotesByCategory()"
time="2022-03-26T20:40:33+03:00" level=info msg="GET NOTE" func="handler.go:31" file="github.com/GermanBogatov/notes_service/app/internal/note.(*Handler).GetNote()"
time="2022-03-26T20:40:33+03:00" level=debug msg="get uuid from context" func="handler.go:34" file="github.com/GermanBogatov/notes_service/app/internal/note.(*Handler).GetNote()"
time="2022-03-26T20:41:34+03:00" level=info msg="GET NOTES BY CATEGORY" func="handler.go:57" file="github.com/GermanBogatov/notes_service/app/internal/note.(*Handler).GetNotesByCategory()"
time="2022-03-26T20:41:34+03:00" level=debug msg="get category_uuid from URL" func="handler.go:60" file="github.com/GermanBogatov/notes_service/app/internal/note.(*Handler).GetNotesByCategory()"
time="2022-03-26T22:23:27+03:00" level=info msg="GET NOTES BY CATEGORY" func="handler.go:57" file="github.com/GermanBogatov/notes_service/app/internal/note.(*Handler).GetNotesByCategory()"
time="2022-03-26T22:23:27+03:00" level=debug msg="get category_uuid from URL" func="handler.go:60" file="github.com/GermanBogatov/notes_service/app/internal/note.(*Handler).GetNotesByCategory()"
time="2022-03-26T22:23:43+03:00" level=info msg="Caught signal interrupt. Shutting down..." func="shutdown.go:16" file="github.com/GermanBogatov/notes_service/app/pkg/shutdown.Graceful()"
time="2022-03-26T22:23:43+03:00" level=warning msg="server shutdown" func="app.go:104" file="main.start()"
time="2022-03-26T22:23:46+03:00" level=info msg="logger initialized" func="app.go:27" file="main.main()"
time="2022-03-26T22:23:46+03:00" level=info msg="config initializing" func="app.go:29" file="main.main()"
time="2022-03-26T22:23:46+03:00" level=info msg="read application config" func="config.go:33" file="github.com/GermanBogatov/notes_service/app/internal/config.GetConfig.func1()"
time="2022-03-26T22:23:46+03:00" level=info msg="router initializing" func="app.go:32" file="main.main()"
time="2022-03-26T22:23:46+03:00" level=info msg="start application" func="app.go:58" file="main.main()"
time="2022-03-26T22:23:46+03:00" level=info msg="bind application to host: 0.0.0.0 and port: 10003" func="app.go:80" file="main.start()"
time="2022-03-26T22:23:46+03:00" level=info msg="application initialized and started" func="app.go:99" file="main.start()"
time="2022-03-26T22:24:34+03:00" level=info msg="CREATE NOTE" func="handler.go:83" file="github.com/GermanBogatov/notes_service/app/internal/note.(*Handler).CreateNote()"
time="2022-03-26T22:24:34+03:00" level=debug msg="decode create tag dto" func="handler.go:86" file="github.com/GermanBogatov/notes_service/app/internal/note.(*Handler).CreateNote()"
time="2022-03-26T22:26:13+03:00" level=info msg="GET NOTES BY CATEGORY" func="handler.go:57" file="github.com/GermanBogatov/notes_service/app/internal/note.(*Handler).GetNotesByCategory()"
time="2022-03-26T22:26:13+03:00" level=debug msg="get category_uuid from URL" func="handler.go:60" file="github.com/GermanBogatov/notes_service/app/internal/note.(*Handler).GetNotesByCategory()"
time="2022-03-26T22:42:18+03:00" level=info msg="Caught signal interrupt. Shutting down..." func="shutdown.go:16" file="github.com/GermanBogatov/notes_service/app/pkg/shutdown.Graceful()"
time="2022-03-26T22:42:18+03:00" level=warning msg="server shutdown" func="app.go:104" file="main.start()"
time="2022-03-26T22:42:28+03:00" level=info msg="logger initialized" func="app.go:27" file="main.main()"
time="2022-03-26T22:42:28+03:00" level=info msg="config initializing" func="app.go:29" file="main.main()"
time="2022-03-26T22:42:28+03:00" level=info msg="read application config" func="config.go:33" file="github.com/GermanBogatov/notes_service/app/internal/config.GetConfig.func1()"
time="2022-03-26T22:42:28+03:00" level=info msg="router initializing" func="app.go:32" file="main.main()"
time="2022-03-26T22:42:28+03:00" level=info msg="start application" func="app.go:58" file="main.main()"
time="2022-03-26T22:42:28+03:00" level=info msg="bind application to host: 0.0.0.0 and port: 10003" func="app.go:80" file="main.start()"
time="2022-03-26T22:42:28+03:00" level=info msg="application initialized and started" func="app.go:99" file="main.start()"
time="2022-03-26T22:43:15+03:00" level=info msg="CREATE NOTE" func="handler.go:83" file="github.com/GermanBogatov/notes_service/app/internal/note.(*Handler).CreateNote()"
time="2022-03-26T22:43:15+03:00" level=debug msg="decode create tag dto" func="handler.go:86" file="github.com/GermanBogatov/notes_service/app/internal/note.(*Handler).CreateNote()"
time="2022-03-26T22:44:56+03:00" level=info msg="CREATE NOTE" func="handler.go:83" file="github.com/GermanBogatov/notes_service/app/internal/note.(*Handler).CreateNote()"
time="2022-03-26T22:44:56+03:00" level=debug msg="decode create tag dto" func="handler.go:86" file="github.com/GermanBogatov/notes_service/app/internal/note.(*Handler).CreateNote()"
time="2022-03-26T22:45:33+03:00" level=info msg="GET NOTES BY USER" func="handler.go:57" file="github.com/GermanBogatov/notes_service/app/internal/note.(*Handler).GetNotesByUser()"
time="2022-03-26T22:45:33+03:00" level=debug msg="get user_uuid from URL" func="handler.go:60" file="github.com/GermanBogatov/notes_service/app/internal/note.(*Handler).GetNotesByUser()"
time="2022-03-26T22:45:46+03:00" level=info msg="GET NOTES BY USER" func="handler.go:57" file="github.com/GermanBogatov/notes_service/app/internal/note.(*Handler).GetNotesByUser()"
time="2022-03-26T22:45:46+03:00" level=debug msg="get user_uuid from URL" func="handler.go:60" file="github.com/GermanBogatov/notes_service/app/internal/note.(*Handler).GetNotesByUser()"
time="2022-03-26T22:46:37+03:00" level=info msg="GET NOTES BY USER" func="handler.go:57" file="github.com/GermanBogatov/notes_service/app/internal/note.(*Handler).GetNotesByUser()"
time="2022-03-26T22:46:37+03:00" level=debug msg="get user_uuid from URL" func="handler.go:60" file="github.com/GermanBogatov/notes_service/app/internal/note.(*Handler).GetNotesByUser()"
time="2022-03-26T22:47:35+03:00" level=info msg="PARTIALLY UPDATE NOTE" func="handler.go:104" file="github.com/GermanBogatov/notes_service/app/internal/note.(*Handler).PartiallyUpdateNote()"
time="2022-03-26T22:47:35+03:00" level=debug msg="get uuid from context" func="handler.go:107" file="github.com/GermanBogatov/notes_service/app/internal/note.(*Handler).PartiallyUpdateNote()"
time="2022-03-26T22:47:35+03:00" level=debug msg="decode update tag dto" func="handler.go:114" file="github.com/GermanBogatov/notes_service/app/internal/note.(*Handler).PartiallyUpdateNote()"
time="2022-03-26T22:47:55+03:00" level=info msg="GET NOTES BY USER" func="handler.go:57" file="github.com/GermanBogatov/notes_service/app/internal/note.(*Handler).GetNotesByUser()"
time="2022-03-26T22:47:55+03:00" level=debug msg="get user_uuid from URL" func="handler.go:60" file="github.com/GermanBogatov/notes_service/app/internal/note.(*Handler).GetNotesByUser()"
time="2022-03-26T22:48:25+03:00" level=info msg="PARTIALLY UPDATE NOTE" func="handler.go:104" file="github.com/GermanBogatov/notes_service/app/internal/note.(*Handler).PartiallyUpdateNote()"
time="2022-03-26T22:48:25+03:00" level=debug msg="get uuid from context" func="handler.go:107" file="github.com/GermanBogatov/notes_service/app/internal/note.(*Handler).PartiallyUpdateNote()"
time="2022-03-26T22:48:25+03:00" level=debug msg="decode update tag dto" func="handler.go:114" file="github.com/GermanBogatov/notes_service/app/internal/note.(*Handler).PartiallyUpdateNote()"
time="2022-03-26T22:48:25+03:00" level=trace msg="Matched 1 documents and updated 1 documents.\n" func="mongo.go:132" file="github.com/GermanBogatov/notes_service/app/internal/note/db.(*db).Update()"
time="2022-03-26T22:49:25+03:00" level=info msg="GET NOTES BY USER" func="handler.go:57" file="github.com/GermanBogatov/notes_service/app/internal/note.(*Handler).GetNotesByUser()"
time="2022-03-26T22:49:25+03:00" level=debug msg="get user_uuid from URL" func="handler.go:60" file="github.com/GermanBogatov/notes_service/app/internal/note.(*Handler).GetNotesByUser()"
time="2022-03-26T22:50:01+03:00" level=info msg="DELETE NOTE" func="handler.go:133" file="github.com/GermanBogatov/notes_service/app/internal/note.(*Handler).DeleteNote()"
time="2022-03-26T22:50:01+03:00" level=debug msg="get uuid from context" func="handler.go:136" file="github.com/GermanBogatov/notes_service/app/internal/note.(*Handler).DeleteNote()"
time="2022-03-26T22:50:01+03:00" level=trace msg="Delete 1 documents.\n" func="mongo.go:154" file="github.com/GermanBogatov/notes_service/app/internal/note/db.(*db).Delete()"
time="2022-03-26T22:50:26+03:00" level=info msg="DELETE NOTE" func="handler.go:133" file="github.com/GermanBogatov/notes_service/app/internal/note.(*Handler).DeleteNote()"
time="2022-03-26T22:50:26+03:00" level=debug msg="get uuid from context" func="handler.go:136" file="github.com/GermanBogatov/notes_service/app/internal/note.(*Handler).DeleteNote()"
time="2022-03-26T22:50:26+03:00" level=trace msg="Delete 1 documents.\n" func="mongo.go:154" file="github.com/GermanBogatov/notes_service/app/internal/note/db.(*db).Delete()"
time="2022-03-26T22:54:15+03:00" level=info msg="Caught signal interrupt. Shutting down..." func="shutdown.go:16" file="github.com/GermanBogatov/notes_service/app/pkg/shutdown.Graceful()"
time="2022-03-26T22:54:15+03:00" level=warning msg="server shutdown" func="app.go:104" file="main.start()"
time="2022-03-27T13:28:47+03:00" level=info msg="logger initialized" func="app.go:27" file="main.main()"
time="2022-03-27T13:28:47+03:00" level=info msg="config initializing" func="app.go:29" file="main.main()"
time="2022-03-27T13:28:47+03:00" level=info msg="read application config" func="config.go:33" file="github.com/GermanBogatov/notes_service/app/internal/config.GetConfig.func1()"
time="2022-03-27T13:28:47+03:00" level=info msg="router initializing" func="app.go:32" file="main.main()"
time="2022-03-27T13:28:47+03:00" level=info msg="start application" func="app.go:59" file="main.main()"
time="2022-03-27T13:28:47+03:00" level=info msg="bind application to host: 0.0.0.0 and port: 10003" func="app.go:81" file="main.start()"
time="2022-03-27T13:28:47+03:00" level=info msg="application initialized and started" func="app.go:100" file="main.start()"
time="2022-03-27T13:29:03+03:00" level=info msg="CREATE NOTE" func="handler.go:83" file="github.com/GermanBogatov/notes_service/app/internal/note.(*Handler).CreateNote()"
time="2022-03-27T13:29:03+03:00" level=debug msg="decode create tag dto" func="handler.go:86" file="github.com/GermanBogatov/notes_service/app/internal/note.(*Handler).CreateNote()"
time="2022-03-27T13:48:19+03:00" level=info msg="CREATE NOTE" func="handler.go:83" file="github.com/GermanBogatov/notes_service/app/internal/note.(*Handler).CreateNote()"
time="2022-03-27T13:48:19+03:00" level=debug msg="decode create tag dto" func="handler.go:86" file="github.com/GermanBogatov/notes_service/app/internal/note.(*Handler).CreateNote()"
time="2022-03-27T13:49:32+03:00" level=info msg="CREATE NOTE" func="handler.go:83" file="github.com/GermanBogatov/notes_service/app/internal/note.(*Handler).CreateNote()"
time="2022-03-27T13:49:32+03:00" level=debug msg="decode create tag dto" func="handler.go:86" file="github.com/GermanBogatov/notes_service/app/internal/note.(*Handler).CreateNote()"
time="2022-03-27T13:51:22+03:00" level=info msg="Caught signal interrupt. Shutting down..." func="shutdown.go:16" file="github.com/GermanBogatov/notes_service/app/pkg/shutdown.Graceful()"
time="2022-03-27T13:51:22+03:00" level=warning msg="server shutdown" func="app.go:105" file="main.start()"
time="2022-03-27T18:42:47+03:00" level=info msg="logger initialized" func="app.go:27" file="main.main()"
time="2022-03-27T18:42:47+03:00" level=info msg="config initializing" func="app.go:29" file="main.main()"
time="2022-03-27T18:42:47+03:00" level=info msg="read application config" func="config.go:33" file="github.com/GermanBogatov/notes_service/app/internal/config.GetConfig.func1()"
time="2022-03-27T18:42:47+03:00" level=info msg="router initializing" func="app.go:32" file="main.main()"
time="2022-03-27T18:42:47+03:00" level=info msg="start application" func="app.go:59" file="main.main()"
time="2022-03-27T18:42:47+03:00" level=info msg="bind application to host: 0.0.0.0 and port: 10003" func="app.go:81" file="main.start()"
time="2022-03-27T18:42:47+03:00" level=info msg="application initialized and started" func="app.go:100" file="main.start()"
time="2022-03-27T18:44:21+03:00" level=info msg="CREATE NOTE" func="handler.go:83" file="github.com/GermanBogatov/notes_service/app/internal/note.(*Handler).CreateNote()"
time="2022-03-27T18:44:21+03:00" level=debug msg="decode create tag dto" func="handler.go:86" file="github.com/GermanBogatov/notes_service/app/internal/note.(*Handler).CreateNote()"
time="2022-03-27T18:56:11+03:00" level=info msg="CREATE NOTE" func="handler.go:83" file="github.com/GermanBogatov/notes_service/app/internal/note.(*Handler).CreateNote()"
time="2022-03-27T18:56:11+03:00" level=debug msg="decode create tag dto" func="handler.go:86" file="github.com/GermanBogatov/notes_service/app/internal/note.(*Handler).CreateNote()"
time="2022-03-27T19:21:09+03:00" level=info msg="Caught signal interrupt. Shutting down..." func="shutdown.go:16" file="github.com/GermanBogatov/notes_service/app/pkg/shutdown.Graceful()"
time="2022-03-27T19:21:09+03:00" level=warning msg="server shutdown" func="app.go:105" file="main.start()"
time="2022-03-27T19:29:53+03:00" level=info msg="logger initialized" func="app.go:27" file="main.main()"
time="2022-03-27T19:29:53+03:00" level=info msg="config initializing" func="app.go:29" file="main.main()"
time="2022-03-27T19:29:53+03:00" level=info msg="read application config" func="config.go:33" file="github.com/GermanBogatov/notes_service/app/internal/config.GetConfig.func1()"
time="2022-03-27T19:29:53+03:00" level=info msg="router initializing" func="app.go:32" file="main.main()"
time="2022-03-27T19:29:53+03:00" level=info msg="start application" func="app.go:59" file="main.main()"
time="2022-03-27T19:29:53+03:00" level=info msg="bind application to host: 0.0.0.0 and port: 10003" func="app.go:81" file="main.start()"
time="2022-03-27T19:29:53+03:00" level=info msg="application initialized and started" func="app.go:100" file="main.start()"
time="2022-03-27T19:33:23+03:00" level=info msg="CREATE NOTE" func="handler.go:83" file="github.com/GermanBogatov/notes_service/app/internal/note.(*Handler).CreateNote()"
time="2022-03-27T19:33:23+03:00" level=debug msg="decode create tag dto" func="handler.go:86" file="github.com/GermanBogatov/notes_service/app/internal/note.(*Handler).CreateNote()"
time="2022-03-27T19:34:04+03:00" level=info msg="GET NOTE" func="handler.go:31" file="github.com/GermanBogatov/notes_service/app/internal/note.(*Handler).GetNote()"
time="2022-03-27T19:34:04+03:00" level=debug msg="get uuid from context" func="handler.go:34" file="github.com/GermanBogatov/notes_service/app/internal/note.(*Handler).GetNote()"
time="2022-03-27T19:34:04+03:00" level=error msg="mongo: no documents in result" func="mongo.go:62" file="github.com/GermanBogatov/notes_service/app/internal/note/db.(*db).FindOne()"
time="2022-03-27T19:34:34+03:00" level=info msg="GET NOTE" func="handler.go:31" file="github.com/GermanBogatov/notes_service/app/internal/note.(*Handler).GetNote()"
time="2022-03-27T19:34:34+03:00" level=debug msg="get uuid from context" func="handler.go:34" file="github.com/GermanBogatov/notes_service/app/internal/note.(*Handler).GetNote()"
time="2022-03-27T19:34:49+03:00" level=info msg="PARTIALLY UPDATE NOTE" func="handler.go:104" file="github.com/GermanBogatov/notes_service/app/internal/note.(*Handler).PartiallyUpdateNote()"
time="2022-03-27T19:34:49+03:00" level=debug msg="get uuid from context" func="handler.go:107" file="github.com/GermanBogatov/notes_service/app/internal/note.(*Handler).PartiallyUpdateNote()"
time="2022-03-27T19:34:49+03:00" level=debug msg="decode update tag dto" func="handler.go:114" file="github.com/GermanBogatov/notes_service/app/internal/note.(*Handler).PartiallyUpdateNote()"
time="2022-03-27T19:35:21+03:00" level=info msg="PARTIALLY UPDATE NOTE" func="handler.go:104" file="github.com/GermanBogatov/notes_service/app/internal/note.(*Handler).PartiallyUpdateNote()"
time="2022-03-27T19:35:21+03:00" level=debug msg="get uuid from context" func="handler.go:107" file="github.com/GermanBogatov/notes_service/app/internal/note.(*Handler).PartiallyUpdateNote()"
time="2022-03-27T19:35:21+03:00" level=debug msg="decode update tag dto" func="handler.go:114" file="github.com/GermanBogatov/notes_service/app/internal/note.(*Handler).PartiallyUpdateNote()"
time="2022-03-27T19:35:21+03:00" level=trace msg="Matched 1 documents and updated 1 documents.\n" func="mongo.go:132" file="github.com/GermanBogatov/notes_service/app/internal/note/db.(*db).Update()"
time="2022-03-27T19:35:36+03:00" level=info msg="DELETE NOTE" func="handler.go:133" file="github.com/GermanBogatov/notes_service/app/internal/note.(*Handler).DeleteNote()"
time="2022-03-27T19:35:36+03:00" level=debug msg="get uuid from context" func="handler.go:136" file="github.com/GermanBogatov/notes_service/app/internal/note.(*Handler).DeleteNote()"
time="2022-03-27T19:35:36+03:00" level=trace msg="Delete 1 documents.\n" func="mongo.go:154" file="github.com/GermanBogatov/notes_service/app/internal/note/db.(*db).Delete()"
time="2022-03-27T19:56:02+03:00" level=info msg="Caught signal interrupt. Shutting down..." func="shutdown.go:16" file="github.com/GermanBogatov/notes_service/app/pkg/shutdown.Graceful()"
time="2022-03-27T19:56:02+03:00" level=warning msg="server shutdown" func="app.go:105" file="main.start()"
